Build started 21.02.2015 11:36:49.
     1>Project "I:\SAE\0914\projects\PixelFighters\PixelFighters\PixelFighters\PixelFighters.vcxproj" on node 2 (Build target(s)).
     1>ClCompile:
         D:\Programme\Microsoft Visual Studio 12.0\VC\bin\CL.exe /c /I"C:\Program Files (x86)\Visual Leak Detector\include" /Zi /nologo /W3 /WX- /sdl /O2 /Oi /Oy- /GL /D _MBCS /Gm- /EHsc /MD /GS /Gy /fp:precise /Zc:wchar_t /Zc:forScope /Fo"Release\\" /Fd"Release\vc120.pdb" /Gd /TP /analyze- /errorReport:prompt CharacterSelection.cpp
         CharacterSelection.cpp
     1>CharacterSelection.cpp(169): warning C4244: '=' : conversion from 'double' to 'int', possible loss of data
     1>CharacterSelection.cpp(173): warning C4244: '=' : conversion from 'double' to 'int', possible loss of data
     1>CharacterSelection.cpp(182): warning C4244: '=' : conversion from 'double' to 'int', possible loss of data
     1>CharacterSelection.cpp(185): warning C4244: '=' : conversion from 'double' to 'int', possible loss of data
       Link:
         D:\Programme\Microsoft Visual Studio 12.0\VC\bin\link.exe /ERRORREPORT:PROMPT /OUT:"I:\SAE\0914\projects\PixelFighters\PixelFighters\Release\PixelFighters.exe" /NOLOGO /LIBPATH:"C:\Program Files (x86)\Visual Leak Detector\lib\Win32" SDL2_mixer.lib SDL2.lib kernel32.lib user32.lib gdi32.lib winspool.lib comdlg32.lib advapi32.lib shell32.lib ole32.lib oleaut32.lib uuid.lib odbc32.lib odbccp32.lib kernel32.lib user32.lib gdi32.lib winspool.lib comdlg32.lib advapi32.lib shell32.lib ole32.lib oleaut32.lib uuid.lib odbc32.lib odbccp32.lib /MANIFEST /MANIFESTUAC:"level='asInvoker' uiAccess='false'" /manifest:embed /DEBUG /PDB:"I:\SAE\0914\projects\PixelFighters\PixelFighters\Release\PixelFighters.pdb" /OPT:REF /OPT:ICF /LTCG /TLBID:1 /DYNAMICBASE /NXCOMPAT /IMPLIB:"I:\SAE\0914\projects\PixelFighters\PixelFighters\Release\PixelFighters.lib" /MACHINE:X86 /SAFESEH Release\AudioClip.obj
         Release\AudioSource.obj
         Release\Character.obj
         Release\CharacterSelection.obj
         Release\Controller.obj
         Release\CreditsScene.obj
         Release\FightScene.obj
         Release\HUD.obj
         Release\ImageControl.obj
         Release\main.obj
         Release\MainMenu.obj
         Release\MenuScene.obj
         Release\Mob.obj
         Release\Scene.obj
         Release\SpAttackLine.obj
         Release\SpAttackUltimate.obj
         Release\SpecialAttack.obj
         Release\SpFollow.obj
         Release\SpRound.obj
         Release\stdafx.obj
         Generating code
         Finished generating code
         PixelFighters.vcxproj -> I:\SAE\0914\projects\PixelFighters\PixelFighters\Release\PixelFighters.exe
     1>Done Building Project "I:\SAE\0914\projects\PixelFighters\PixelFighters\PixelFighters\PixelFighters.vcxproj" (Build target(s)).

Build succeeded.

Time Elapsed 00:00:04.52
