i:\sae\0914\projects\pixelfighters\pixelfighters\pixelfighters\debug\vc120.pdb
i:\sae\0914\projects\pixelfighters\pixelfighters\pixelfighters\debug\vc120.idb
i:\sae\0914\projects\pixelfighters\pixelfighters\pixelfighters\debug\audioclip.obj
i:\sae\0914\projects\pixelfighters\pixelfighters\pixelfighters\debug\audiosource.obj
i:\sae\0914\projects\pixelfighters\pixelfighters\pixelfighters\debug\character.obj
i:\sae\0914\projects\pixelfighters\pixelfighters\pixelfighters\debug\characterselection.obj
i:\sae\0914\projects\pixelfighters\pixelfighters\pixelfighters\debug\controller.obj
i:\sae\0914\projects\pixelfighters\pixelfighters\pixelfighters\debug\fightscene.obj
i:\sae\0914\projects\pixelfighters\pixelfighters\pixelfighters\debug\hud.obj
i:\sae\0914\projects\pixelfighters\pixelfighters\pixelfighters\debug\imagecontrol.obj
i:\sae\0914\projects\pixelfighters\pixelfighters\pixelfighters\debug\main.obj
i:\sae\0914\projects\pixelfighters\pixelfighters\pixelfighters\debug\mainmenu.obj
i:\sae\0914\projects\pixelfighters\pixelfighters\pixelfighters\debug\menuscene.obj
i:\sae\0914\projects\pixelfighters\pixelfighters\pixelfighters\debug\mob.obj
i:\sae\0914\projects\pixelfighters\pixelfighters\pixelfighters\debug\scene.obj
i:\sae\0914\projects\pixelfighters\pixelfighters\pixelfighters\debug\spattackline.obj
i:\sae\0914\projects\pixelfighters\pixelfighters\pixelfighters\debug\spattackultimate.obj
i:\sae\0914\projects\pixelfighters\pixelfighters\pixelfighters\debug\specialattack.obj
i:\sae\0914\projects\pixelfighters\pixelfighters\pixelfighters\debug\spfollow.obj
i:\sae\0914\projects\pixelfighters\pixelfighters\pixelfighters\debug\spround.obj
i:\sae\0914\projects\pixelfighters\pixelfighters\pixelfighters\debug\stdafx.obj
i:\sae\0914\projects\pixelfighters\pixelfighters\debug\pixelfighters.ilk
i:\sae\0914\projects\pixelfighters\pixelfighters\debug\pixelfighters.exe
i:\sae\0914\projects\pixelfighters\pixelfighters\debug\pixelfighters.pdb
i:\sae\0914\projects\pixelfighters\pixelfighters\pixelfighters\debug\pixelfighters.tlog\cl.command.1.tlog
i:\sae\0914\projects\pixelfighters\pixelfighters\pixelfighters\debug\pixelfighters.tlog\cl.read.1.tlog
i:\sae\0914\projects\pixelfighters\pixelfighters\pixelfighters\debug\pixelfighters.tlog\cl.write.1.tlog
i:\sae\0914\projects\pixelfighters\pixelfighters\pixelfighters\debug\pixelfighters.tlog\link.command.1.tlog
i:\sae\0914\projects\pixelfighters\pixelfighters\pixelfighters\debug\pixelfighters.tlog\link.read.1.tlog
i:\sae\0914\projects\pixelfighters\pixelfighters\pixelfighters\debug\pixelfighters.tlog\link.write.1.tlog
